<?xml version="1.0" encoding="UTF-8"?>
<!-- Generated by org.testng.reporters.JUnitXMLReporter -->
<testsuite hostname="DESKTOP-HODJN7I" ignored="0" name="Command line test" tests="6" failures="0" timestamp="31 Mar 2018 15:49:27 GMT" time="93.619" errors="0">
  <testcase name="verifyTitle" time="0.03" classname="myorange.testcases.HomePageTest"/>
  <testcase name="verifyLoginPage" time="0.21" classname="myorange.testcases.SanityTest"/>
  <testcase name="loginTest" time="4.248" classname="myorange.testcases.SanityTest"/>
  <testcase name="verifyAdminTest" time="2.91" classname="myorange.testcases.SanityTest"/>
  <testcase name="goToPim" time="4.22" classname="myorange.testcases.SanityTest"/>
  <testcase name="addNewEmployee" time="8.519" classname="myorange.testcases.SanityTest"/>
</testsuite> <!-- Command line test -->
